  [1m[35m (5.1ms)[0m  [1m[35mCREATE TABLE "schema_migrations" ("version" character varying NOT NULL PRIMARY KEY)[0m
  [1m[35m (2.9ms)[0m  [1m[35mCREATE TABLE "ar_internal_metadata" ("key" character varying NOT NULL PRIMARY KEY, "value" character varying, "created_at" timestamp NOT NULL, "updated_at" timestamp NOT NULL)[0m
  [1m[35m (0.2ms)[0m  [1m[34mSELECT pg_try_advisory_lock(6024771758145401730)[0m
  [1m[35m (0.3ms)[0m  [1m[34mSELECT "schema_migrations"."version" FROM "schema_migrations" ORDER BY "schema_migrations"."version" ASC[0m
Migrating to CreateUsers (20170908005412)
  [1m[35m (0.1ms)[0m  [1m[35mBEGIN[0m
  [1m[35m (2.9ms)[0m  [1m[35mCREATE TABLE "users" ("id" bigserial primary key, "username" character varying, "password_digest" character varying, "created_at" timestamp NOT NULL, "updated_at" timestamp NOT NULL)[0m
  [1m[35mSQL (0.3ms)[0m  [1m[32mINSERT INTO "schema_migrations" ("version") VALUES ($1) RETURNING "version"[0m  [["version", "20170908005412"]]
  [1m[35m (0.5ms)[0m  [1m[35mCOMMIT[0m
  [1m[36mActiveRecord::InternalMetadata Load (0.2ms)[0m  [1m[34mSELECT  "ar_internal_metadata".* FROM "ar_internal_metadata" WHERE "ar_internal_metadata"."key" = $1 LIMIT $2[0m  [["key", "environment"], ["LIMIT", 1]]
  [1m[35m (0.1ms)[0m  [1m[35mBEGIN[0m
  [1m[35mSQL (0.3ms)[0m  [1m[32mINSERT INTO "ar_internal_metadata" ("key", "value", "created_at", "updated_at") VALUES ($1, $2, $3, $4) RETURNING "key"[0m  [["key", "environment"], ["value", "development"], ["created_at", "2017-09-08 00:59:00.303142"], ["updated_at", "2017-09-08 00:59:00.303142"]]
  [1m[35m (0.4ms)[0m  [1m[35mCOMMIT[0m
  [1m[35m (0.1ms)[0m  [1m[34mSELECT pg_advisory_unlock(6024771758145401730)[0m
  [1m[35m (0.2ms)[0m  [1m[34mSELECT "schema_migrations"."version" FROM "schema_migrations" ORDER BY "schema_migrations"."version" ASC[0m
  [1m[35m (0.2ms)[0m  [1m[35mBEGIN[0m
  [1m[35mSQL (0.7ms)[0m  [1m[32mINSERT INTO "users" ("username", "password_digest", "created_at", "updated_at") VALUES ($1, $2, $3, $4) RETURNING "id"[0m  [["username", "Jennifer"], ["password_digest", "$2a$10$/YHoSwosanllGGwdbiMAXOcyC95plZTHEIZk58.kH4gijQXk9yyGy"], ["created_at", "2017-09-08 01:02:03.208803"], ["updated_at", "2017-09-08 01:02:03.208803"]]
  [1m[35m (5.8ms)[0m  [1m[35mCOMMIT[0m
Started POST "/users/login" for 127.0.0.1 at 2017-09-07 19:09:53 -0600
  [1m[35m (0.6ms)[0m  [1m[34mSELECT "schema_migrations"."version" FROM "schema_migrations" ORDER BY "schema_migrations"."version" ASC[0m
Processing by UsersController#login as */*
  Parameters: {"user"=>{"username"=>"Jennifer", "password"=>"[FILTERED]"}}
  [1m[36mUser Load (0.3ms)[0m  [1m[34mSELECT  "users".* FROM "users" WHERE "users"."username" = $1 LIMIT $2[0m  [["username", "Jennifer"], ["LIMIT", 1]]
Completed 200 OK in 89ms (Views: 0.7ms | ActiveRecord: 4.4ms)


  [1m[35m (0.2ms)[0m  [1m[34mSELECT pg_try_advisory_lock(6024771758145401730)[0m
  [1m[35m (0.5ms)[0m  [1m[34mSELECT "schema_migrations"."version" FROM "schema_migrations" ORDER BY "schema_migrations"."version" ASC[0m
  [1m[36mActiveRecord::InternalMetadata Load (0.3ms)[0m  [1m[34mSELECT  "ar_internal_metadata".* FROM "ar_internal_metadata" WHERE "ar_internal_metadata"."key" = $1 LIMIT $2[0m  [["key", "environment"], ["LIMIT", 1]]
  [1m[35m (0.1ms)[0m  [1m[35mBEGIN[0m
  [1m[35m (0.1ms)[0m  [1m[35mCOMMIT[0m
  [1m[35m (0.2ms)[0m  [1m[34mSELECT pg_advisory_unlock(6024771758145401730)[0m
  [1m[35m (0.2ms)[0m  [1m[34mSELECT "schema_migrations"."version" FROM "schema_migrations" ORDER BY "schema_migrations"."version" ASC[0m
Started GET "/users" for 127.0.0.1 at 2017-09-07 20:17:32 -0600
  [1m[35m (0.5ms)[0m  [1m[34mSELECT "schema_migrations"."version" FROM "schema_migrations" ORDER BY "schema_migrations"."version" ASC[0m
  
SyntaxError (/Users/jennifergeeslin/develop/align_project/align_smart_goals_api/app/controllers/users_controller.rb:76: syntax error, unexpected tIDENTIFIER, expecting keyword_end
parameter "white list" through.
                              ^
/Users/jennifergeeslin/develop/align_project/align_smart_goals_api/app/controllers/users_controller.rb:80: syntax error, unexpected keyword_end, expecting end-of-input):
  
app/controllers/users_controller.rb:76: syntax error, unexpected tIDENTIFIER, expecting keyword_end
app/controllers/users_controller.rb:80: syntax error, unexpected keyword_end, expecting end-of-input
  [1m[36mUser Load (0.2ms)[0m  [1m[34mSELECT  "users".* FROM "users" LIMIT $1[0m  [["LIMIT", 11]]
Started GET "/" for 127.0.0.1 at 2017-09-07 20:21:34 -0600
  [1m[35m (0.5ms)[0m  [1m[34mSELECT "schema_migrations"."version" FROM "schema_migrations" ORDER BY "schema_migrations"."version" ASC[0m
Processing by Rails::WelcomeController#index as HTML
  Rendering /Users/jennifergeeslin/.rbenv/versions/2.4.1/lib/ruby/gems/2.4.0/gems/railties-5.1.3/lib/rails/templates/rails/welcome/index.html.erb
  Rendered /Users/jennifergeeslin/.rbenv/versions/2.4.1/lib/ruby/gems/2.4.0/gems/railties-5.1.3/lib/rails/templates/rails/welcome/index.html.erb (3.5ms)
Completed 200 OK in 11ms (Views: 8.6ms | ActiveRecord: 0.0ms)


Started GET "/users" for 127.0.0.1 at 2017-09-07 20:21:44 -0600
  
SyntaxError (/Users/jennifergeeslin/develop/align_project/align_smart_goals_api/app/controllers/users_controller.rb:76: syntax error, unexpected tIDENTIFIER, expecting keyword_end
parameter "white list" through.
                              ^
/Users/jennifergeeslin/develop/align_project/align_smart_goals_api/app/controllers/users_controller.rb:80: syntax error, unexpected keyword_end, expecting end-of-input):
  
app/controllers/users_controller.rb:76: syntax error, unexpected tIDENTIFIER, expecting keyword_end
app/controllers/users_controller.rb:80: syntax error, unexpected keyword_end, expecting end-of-input
Started GET "/users" for 127.0.0.1 at 2017-09-07 20:26:06 -0600
  [1m[35m (0.5ms)[0m  [1m[34mSELECT "schema_migrations"."version" FROM "schema_migrations" ORDER BY "schema_migrations"."version" ASC[0m
  
SyntaxError (/Users/jennifergeeslin/develop/align_project/align_smart_goals_api/app/controllers/users_controller.rb:76: syntax error, unexpected tIDENTIFIER, expecting keyword_end
parameter "white list" through.
                              ^):
  
app/controllers/users_controller.rb:76: syntax error, unexpected tIDENTIFIER, expecting keyword_end
Started GET "/users" for 127.0.0.1 at 2017-09-07 20:27:23 -0600
  [1m[35m (0.5ms)[0m  [1m[34mSELECT "schema_migrations"."version" FROM "schema_migrations" ORDER BY "schema_migrations"."version" ASC[0m
  
SyntaxError (/Users/jennifergeeslin/develop/align_project/align_smart_goals_api/app/controllers/users_controller.rb:80: syntax error, unexpected end-of-input, expecting keyword_end):
  
app/controllers/users_controller.rb:80: syntax error, unexpected end-of-input, expecting keyword_end
Started GET "/users" for 127.0.0.1 at 2017-09-07 20:27:58 -0600
  [1m[35m (0.5ms)[0m  [1m[34mSELECT "schema_migrations"."version" FROM "schema_migrations" ORDER BY "schema_migrations"."version" ASC[0m
Processing by UsersController#index as HTML
  [1m[36mUser Load (0.5ms)[0m  [1m[34mSELECT "users".* FROM "users"[0m
Completed 200 OK in 11ms (Views: 6.0ms | ActiveRecord: 3.3ms)


  [1m[36mUser Load (0.3ms)[0m  [1m[34mSELECT  "users".* FROM "users" LIMIT $1[0m  [["LIMIT", 11]]
Started POST "/users/login" for 127.0.0.1 at 2017-09-07 20:35:43 -0600
Processing by UsersController#login as */*
  Parameters: {"user"=>{"username"=>"Jennifer", "password"=>"[FILTERED]"}}
  [1m[36mUser Load (0.2ms)[0m  [1m[34mSELECT  "users".* FROM "users" WHERE "users"."username" = $1 LIMIT $2[0m  [["username", "Jennifer"], ["LIMIT", 1]]
Completed 200 OK in 76ms (Views: 0.4ms | ActiveRecord: 0.3ms)


